0 verbose cli [ '/usr/local/bin/node', '/usr/local/bin/npm', 'start' ]
1 info using npm@7.6.3
2 info using node@v15.12.0
3 timing config:load:defaults Completed in 2ms
4 timing config:load:file:/usr/local/lib/node_modules/npm/npmrc Completed in 1ms
5 timing config:load:builtin Completed in 1ms
6 timing config:load:cli Completed in 1ms
7 timing config:load:env Completed in 1ms
8 timing config:load:project Completed in 0ms
9 timing config:load:file:/home/node/.npmrc Completed in 0ms
10 timing config:load:user Completed in 0ms
11 timing config:load:file:/usr/local/etc/npmrc Completed in 1ms
12 timing config:load:global Completed in 1ms
13 timing config:load:cafile Completed in 0ms
14 timing config:load:validate Completed in 0ms
15 timing config:load:setUserAgent Completed in 0ms
16 timing config:load:setEnvs Completed in 1ms
17 timing config:load Completed in 7ms
18 verbose npm-session 41e84a51d136d121
19 timing npm:load Completed in 17ms
20 http fetch GET 200 https://registry.npmjs.org/npm 569ms
21 timing command:run-script Completed in 17826ms
22 timing command:start Completed in 17828ms
23 notice [40m[37m[39m[49m
23 notice [40m[37mNew [33mminor[39m[37m version of npm available! [31m7.6.3[39m[37m -> [32m7.7.5[39m[37m[39m[49m
23 notice [40m[37mChangelog: [36mhttps://github.com/npm/cli/releases/tag/v7.7.5[39m[37m[39m[49m
23 notice [40m[37mRun [32mnpm install -g npm@7.7.5[39m[37m to update![39m[49m
23 notice [40m[37m[39m[49m
24 verbose stack Error: command failed
24 verbose stack     at ChildProcess.<anonymous> (/usr/local/lib/node_modules/npm/node_modules/@npmcli/promise-spawn/index.js:64:27)
24 verbose stack     at ChildProcess.emit (node:events:369:20)
24 verbose stack     at maybeClose (node:internal/child_process:1067:16)
24 verbose stack     at Process.ChildProcess._handle.onexit (node:internal/child_process:301:5)
25 verbose pkgid frontend@0.1.0
26 verbose cwd /home/node
27 verbose Linux 5.0.0-32-generic
28 verbose argv "/usr/local/bin/node" "/usr/local/bin/npm" "start"
29 verbose node v15.12.0
30 verbose npm  v7.6.3
31 error path /home/node
32 error command failed
33 error signal SIGINT
34 error command sh -c react-scripts start
35 verbose exit 1
